749 epoch: 1 step: 2500 total_loss: 768.50000
1262 epoch: 2 step: 2500 total_loss: 320.75000
1769 epoch: 3 step: 2500 total_loss: 1025.00000
2276 epoch: 4 step: 2500 total_loss: 960.00000
2782 epoch: 5 step: 2500 total_loss: 896.50000
3280 epoch: 6 step: 2500 total_loss: 2430.00000
3783 epoch: 7 step: 2500 total_loss: 1.20117
4276 epoch: 8 step: 2500 total_loss: 1.33984
4776 epoch: 9 step: 2500 total_loss: 1.60156
5269 epoch: 10 step: 2500 total_loss: 0.93359
5763 epoch: 11 step: 2500 total_loss: 1.34180
6252 epoch: 12 step: 2500 total_loss: 0.92041
6741 epoch: 13 step: 2500 total_loss: 1.55273
7233 epoch: 14 step: 2500 total_loss: 1.60156
7727 epoch: 15 step: 2500 total_loss: 1.64648
8211 epoch: 16 step: 2500 total_loss: 1.23730
8696 epoch: 17 step: 2500 total_loss: 0.87305
9189 epoch: 18 step: 2500 total_loss: 1.13477
9680 epoch: 19 step: 2500 total_loss: 1.22070
10161 epoch: 20 step: 2500 total_loss: 1.66797
10638 epoch: 21 step: 2500 total_loss: 1.07910
11127 epoch: 22 step: 2500 total_loss: 1.02832
11612 epoch: 23 step: 2500 total_loss: 1.36621
12102 epoch: 24 step: 2500 total_loss: 0.97461
12589 epoch: 25 step: 2500 total_loss: 1.37012
13071 epoch: 26 step: 2500 total_loss: 1.17383
13555 epoch: 27 step: 2500 total_loss: 1.13184
14042 epoch: 28 step: 2500 total_loss: 1.38086
14523 epoch: 29 step: 2500 total_loss: 1.07227
15009 epoch: 30 step: 2500 total_loss: 576.50000
15487 epoch: 31 step: 2500 total_loss: 2942.00000
15974 epoch: 32 step: 2500 total_loss: 2430.00000
16461 epoch: 33 step: 2500 total_loss: 1088.00000
16949 epoch: 34 step: 2500 total_loss: 1473.00000
17429 epoch: 35 step: 2500 total_loss: 576.00000
17912 epoch: 36 step: 2500 total_loss: 448.75000
18395 epoch: 37 step: 2500 total_loss: 1408.00000
18872 epoch: 38 step: 2500 total_loss: 1728.00000
19360 epoch: 39 step: 2500 total_loss: 320.75000
19853 epoch: 40 step: 2500 total_loss: 960.50000
20362 epoch: 41 step: 2500 total_loss: 448.75000
20879 epoch: 42 step: 2500 total_loss: 1024.00000
21389 epoch: 43 step: 2500 total_loss: 320.75000
21896 epoch: 44 step: 2500 total_loss: 1025.00000
22391 epoch: 45 step: 2500 total_loss: 448.75000
22871 epoch: 46 step: 2500 total_loss: 960.50000
23350 epoch: 47 step: 2500 total_loss: 1280.00000
23837 epoch: 48 step: 2500 total_loss: 513.00000
24304 epoch: 49 step: 2500 total_loss: 1.09277
24765 epoch: 50 step: 2500 total_loss: 1.84766
25238 epoch: 51 step: 2500 total_loss: 0.95947
25705 epoch: 52 step: 2500 total_loss: 0.89258
26183 epoch: 53 step: 2500 total_loss: 1.34961
26673 epoch: 54 step: 2500 total_loss: 1.34375
27158 epoch: 55 step: 2500 total_loss: 1.05566
27622 epoch: 56 step: 2500 total_loss: 1.57812
28076 epoch: 57 step: 2500 total_loss: 1.31250
28550 epoch: 58 step: 2500 total_loss: 2.49805
29018 epoch: 59 step: 2500 total_loss: 0.96387
29464 epoch: 60 step: 2500 total_loss: 1.38477
29945 epoch: 61 step: 2500 total_loss: 0.86670
30423 epoch: 62 step: 2500 total_loss: 0.84961
30898 epoch: 63 step: 2500 total_loss: 1.01367
31361 epoch: 64 step: 2500 total_loss: 1.16992
31885 epoch: 65 step: 2500 total_loss: 1.71484
32406 epoch: 66 step: 2500 total_loss: 1.34375
32936 epoch: 67 step: 2500 total_loss: 1.12012
33467 epoch: 68 step: 2500 total_loss: 1.59375
33995 epoch: 69 step: 2500 total_loss: 1.63477
34506 epoch: 70 step: 2500 total_loss: 1.17285
35022 epoch: 71 step: 2500 total_loss: 1.27344
35537 epoch: 72 step: 2500 total_loss: 1.83984
36054 epoch: 73 step: 2500 total_loss: 0.99512
36565 epoch: 74 step: 2500 total_loss: 1.18555
37077 epoch: 75 step: 2500 total_loss: 0.97266
37591 epoch: 76 step: 2500 total_loss: 0.95068
38102 epoch: 77 step: 2500 total_loss: 0.93555
38615 epoch: 78 step: 2500 total_loss: 0.94873
39121 epoch: 79 step: 2500 total_loss: 1.43164
39629 epoch: 80 step: 2500 total_loss: 1.08203
40141 epoch: 81 step: 2500 total_loss: 1.22949
40650 epoch: 82 step: 2500 total_loss: 1.10352
41153 epoch: 83 step: 2500 total_loss: 1.07129
41659 epoch: 84 step: 2500 total_loss: 1.84180
42161 epoch: 85 step: 2500 total_loss: 1.75195
42672 epoch: 86 step: 2500 total_loss: 1.76465
43172 epoch: 87 step: 2500 total_loss: 1.12695
43677 epoch: 88 step: 2500 total_loss: 1.61426
44193 epoch: 89 step: 2500 total_loss: 0.81543
44700 epoch: 90 step: 2500 total_loss: 2.09375
45205 epoch: 91 step: 2500 total_loss: 0.97168
45716 epoch: 92 step: 2500 total_loss: 0.96875
46223 epoch: 93 step: 2500 total_loss: 0.84033
46724 epoch: 94 step: 2500 total_loss: 0.85156
47226 epoch: 95 step: 2500 total_loss: 1.23926
47728 epoch: 96 step: 2500 total_loss: 0.93799
